This is pdfTeX, Version 3.1415926-2.5-1.40.14 (TeX Live 2013/Debian) (format=pdflatex 2014.11.5)  16 FEB 2015 23:31
entering extended mode
 restricted \write18 enabled.
 %&-line parsing enabled.
**cover.tex
(./cover.tex
LaTeX2e <2011/06/27>
Babel <3.9h> and hyphenation patterns for 78 languages loaded.
! Undefined control sequence.
<argument> \undefinedpagestyle 
                               
l.1 \thispagestyle{cover}
                         
The control sequence at the end of the top line
of your error message was never \def'ed. If you have
misspelled it (e.g., `\hobx'), type `I' and the correct
spelling (e.g., `I\hbox'). Otherwise just continue,
and I'll forget about whatever was undefined.

! Undefined control sequence.
l.3 \includegraphics
                    [width=5cm, scale=0.6]{logo_univ.jpg} \hfill \includegra...
The control sequence at the end of the top line
of your error message was never \def'ed. If you have
misspelled it (e.g., `\hobx'), type `I' and the correct
spelling (e.g., `I\hbox'). Otherwise just continue,
and I'll forget about whatever was undefined.


! LaTeX Error: Missing \begin{document}.

See the LaTeX manual or LaTeX Companion for explanation.
Type  H <return>  for immediate help.
 ...                                              
                                                  
l.3 \includegraphics[
                     width=5cm, scale=0.6]{logo_univ.jpg} \hfill \includegra...

You're in trouble here.  Try typing  <return>  to proceed.
If that doesn't work, type  X <return>  to quit.

Missing character: There is no [ in font nullfont!
Missing character: There is no w in font nullfont!
Missing character: There is no i in font nullfont!
Missing character: There is no d in font nullfont!
Missing character: There is no t in font nullfont!
Missing character: There is no h in font nullfont!
Missing character: There is no = in font nullfont!
Missing character: There is no 5 in font nullfont!
Missing character: There is no c in font nullfont!
Missing character: There is no m in font nullfont!
Missing character: There is no , in font nullfont!
Missing character: There is no s in font nullfont!
Missing character: There is no c in font nullfont!
Missing character: There is no a in font nullfont!
Missing character: There is no l in font nullfont!
Missing character: There is no e in font nullfont!
Missing character: There is no = in font nullfont!
Missing character: There is no 0 in font nullfont!
Missing character: There is no . in font nullfont!
Missing character: There is no 6 in font nullfont!
Missing character: There is no ] in font nullfont!
Missing character: There is no l in font nullfont!
Missing character: There is no o in font nullfont!
Missing character: There is no g in font nullfont!
Missing character: There is no o in font nullfont!
! Missing $ inserted.
<inserted text> 
                $
l.3 \includegraphics[width=5cm, scale=0.6]{logo_
                                                univ.jpg} \hfill \includegra...
I've inserted a begin-math/end-math symbol since I think
you left one out. Proceed, with fingers crossed.

LaTeX Font Info:    External font `cmex10' loaded for size
(Font)              <7> on input line 3.
LaTeX Font Info:    External font `cmex10' loaded for size
(Font)              <5> on input line 3.
! Extra }, or forgotten $.
l.3 ...aphics[width=5cm, scale=0.6]{logo_univ.jpg}
                                                   \hfill \includegraphics[s...
I've deleted a group-closing symbol because it seems to be
spurious, as in `$x}$'. But perhaps the } is legitimate and
you forgot something else, as in `\hbox{$x}'. In such cases
the way to recover is to insert both the forgotten and the
deleted material, e.g., by typing `I$}'.

! Undefined control sequence.
l.3 ...0.6]{logo_univ.jpg} \hfill \includegraphics
                                                  [scale=0.6]{logo_ieea.jpg} \\
The control sequence at the end of the top line
of your error message was never \def'ed. If you have
misspelled it (e.g., `\hobx'), type `I' and the correct
spelling (e.g., `I\hbox'). Otherwise just continue,
and I'll forget about whatever was undefined.

! Undefined control sequence.
l.5 \hspace*{0.5cm} {\Large
                            \textit{Universit√© Lille 1}} \hfill {\Large \te...
The control sequence at the end of the top line
of your error message was never \def'ed. If you have
misspelled it (e.g., `\hobx'), type `I' and the correct
spelling (e.g., `I\hbox'). Otherwise just continue,
and I'll forget about whatever was undefined.

Missing character: There is no √ in font cmti10!
Missing character: There is no © in font cmti10!
! Undefined control sequence.
l.5 ...textit{Universit√© Lille 1}} \hfill {\Large
                                                   \textit{IEEA}} \hspace*{0...
The control sequence at the end of the top line
of your error message was never \def'ed. If you have
misspelled it (e.g., `\hobx'), type `I' and the correct
spelling (e.g., `I\hbox'). Otherwise just continue,
and I'll forget about whatever was undefined.

! Missing $ inserted.
<inserted text> 
                $
l.6 
    
I've inserted a begin-math/end-math symbol since I think
you left one out. Proceed, with fingers crossed.


Overfull \hbox (20.0pt too wide) in paragraph at lines 3--6
[]
 []


Overfull \hbox (72.98062pt too wide) in paragraph at lines 3--6
[]\OML/cmm/m/it/10 niv:jpg \OT1/cmr/m/n/10 [\OML/cmm/m/it/10 scale \OT1/cmr/m/n
/10 =
 []


Overfull \hbox (69.11479pt too wide) in paragraph at lines 3--6
\OT1/cmr/m/n/10 0\OML/cmm/m/it/10 :\OT1/cmr/m/n/10 6][][] 
 []


Overfull \hbox (125.15207pt too wide) in paragraph at lines 3--6
| [] []| [] 
 []


! LaTeX Error: Missing \begin{document}.

See the LaTeX manual or LaTeX Companion for explanation.
Type  H <return>  for immediate help.
 ...                                              
                                                  
l.9 \begin{center}
                  
You're in trouble here.  Try typing  <return>  to proceed.
If that doesn't work, type  X <return>  to quit.


Overfull \hbox (20.0pt too wide) in paragraph at lines 9--9
[] 
 []


! LaTeX Error: Environment Huge undefined.

See the LaTeX manual or LaTeX Companion for explanation.
Type  H <return>  for immediate help.
 ...                                              
                                                  
l.10 	\begin{Huge}
                   \underline{Rapport de Travaux Pratiques} \end{Huge}\\[4mm]
Your command was ignored.
Type  I <command> <return>  to replace it with another command,
or  <return>  to continue without it.

Missing character: There is no R in font nullfont!
Missing character: There is no a in font nullfont!
Missing character: There is no p in font nullfont!
Missing character: There is no p in font nullfont!
Missing character: There is no o in font nullfont!
Missing character: There is no r in font nullfont!
Missing character: There is no t in font nullfont!
Missing character: There is no d in font nullfont!
Missing character: There is no e in font nullfont!
Missing character: There is no T in font nullfont!
Missing character: There is no r in font nullfont!
Missing character: There is no a in font nullfont!
Missing character: There is no v in font nullfont!
Missing character: There is no a in font nullfont!
Missing character: There is no u in font nullfont!
Missing character: There is no x in font nullfont!
Missing character: There is no P in font nullfont!
Missing character: There is no r in font nullfont!
Missing character: There is no a in font nullfont!
Missing character: There is no t in font nullfont!
Missing character: There is no i in font nullfont!
Missing character: There is no q in font nullfont!
Missing character: There is no u in font nullfont!
Missing character: There is no e in font nullfont!
Missing character: There is no s in font nullfont!

! LaTeX Error: \begin{center} on input line 9 ended by \end{Huge}.

See the LaTeX manual or LaTeX Companion for explanation.
Type  H <return>  for immediate help.
 ...                                              
                                                  
l.10 ...e{Rapport de Travaux Pratiques} \end{Huge}
                                                  \\[4mm]
Your command was ignored.
Type  I <command> <return>  to replace it with another command,
or  <return>  to continue without it.


! LaTeX Error: Environment Huge undefined.

See the LaTeX manual or LaTeX Companion for explanation.
Type  H <return>  for immediate help.
 ...                                              
                                                  
l.17 		\begin{Huge}
                    \textbf{Construction d'Applications R√©parties (CAR)} \e...

Your command was ignored.
Type  I <command> <return>  to replace it with another command,
or  <return>  to continue without it.

Missing character: There is no √ in font cmbx10!
Missing character: There is no © in font cmbx10!

! LaTeX Error: \begin{center} on input line 9 ended by \end{Huge}.

See the LaTeX manual or LaTeX Companion for explanation.
Type  H <return>  for immediate help.
 ...                                              
                                                  
l.17 ...'Applications R√©parties (CAR)} \end{Huge}
                                                  \\[4mm]
Your command was ignored.
Type  I <command> <return>  to replace it with another command,
or  <return>  to continue without it.


Overfull \hbox (65.4941pt too wide) in paragraph at lines 17--17
 []\OT1/cmr/bx/n/10 Construction 
 []


Overfull \hbox (72.48708pt too wide) in paragraph at lines 17--17
 \OT1/cmr/bx/n/10 d'Applications 
 []


Overfull \hbox (29.17345pt too wide) in paragraph at lines 17--17
 \OT1/cmr/bx/n/10 Rpar- 
 []


Overfull \hbox (17.47351pt too wide) in paragraph at lines 17--17
 \OT1/cmr/bx/n/10 ties 
 []


Overfull \hbox (34.56926pt too wide) in paragraph at lines 17--17
 \OT1/cmr/bx/n/10 (CAR) 
 []


! LaTeX Error: Environment Huge undefined.

See the LaTeX manual or LaTeX Companion for explanation.
Type  H <return>  for immediate help.
 ...                                              
                                                  
l.18 		\begin{Huge}
                    \textbf{TP1 : Serveur FTP} \end{Huge}\\[4mm]
Your command was ignored.
Type  I <command> <return>  to replace it with another command,
or  <return>  to continue without it.


! LaTeX Error: \begin{center} on input line 9 ended by \end{Huge}.

See the LaTeX manual or LaTeX Companion for explanation.
Type  H <return>  for immediate help.
 ...                                              
                                                  
l.18 ...uge} \textbf{TP1 : Serveur FTP} \end{Huge}
                                                  \\[4mm]
Your command was ignored.
Type  I <command> <return>  to replace it with another command,
or  <return>  to continue without it.


Overfull \hbox (21.611pt too wide) in paragraph at lines 18--18
 []\OT1/cmr/bx/n/10 TP1 
 []


Overfull \hbox (3.19443pt too wide) in paragraph at lines 18--18
 \OT1/cmr/bx/n/10 : 
 []


Overfull \hbox (38.5415pt too wide) in paragraph at lines 18--18
 \OT1/cmr/bx/n/10 Serveur 
 []


Overfull \hbox (23.09709pt too wide) in paragraph at lines 18--18
 \OT1/cmr/bx/n/10 FTP 
 []

! Undefined control sequence.
l.25 	{\large
              \textit{\underline{Auteur :}}} \hfill {\large \textit{\underli...
The control sequence at the end of the top line
of your error message was never \def'ed. If you have
misspelled it (e.g., `\hobx'), type `I' and the correct
spelling (e.g., `I\hbox'). Otherwise just continue,
and I'll forget about whatever was undefined.

! Undefined control sequence.
l.25 ...xtit{\underline{Auteur :}}} \hfill {\large
                                                   \textit{\underline{Profes...
The control sequence at the end of the top line
of your error message was never \def'ed. If you have
misspelled it (e.g., `\hobx'), type `I' and the correct
spelling (e.g., `I\hbox'). Otherwise just continue,
and I'll forget about whatever was undefined.


Overfull \hbox (36.69417pt too wide) in paragraph at lines 25--25
 []$[]$ 
 []


Overfull \hbox (52.27185pt too wide) in paragraph at lines 25--25
 []$ 
 []

! Undefined control sequence.
l.27 	{\large
              Anis TELLO} \hfill {\large Laurence DUCHIEN}\\
The control sequence at the end of the top line
of your error message was never \def'ed. If you have
misspelled it (e.g., `\hobx'), type `I' and the correct
spelling (e.g., `I\hbox'). Otherwise just continue,
and I'll forget about whatever was undefined.

Missing character: There is no A in font nullfont!
Missing character: There is no n in font nullfont!
Missing character: There is no i in font nullfont!
Missing character: There is no s in font nullfont!
Missing character: There is no T in font nullfont!
Missing character: There is no E in font nullfont!
Missing character: There is no L in font nullfont!
Missing character: There is no L in font nullfont!
Missing character: There is no O in font nullfont!
! Undefined control sequence.
l.27 	{\large Anis TELLO} \hfill {\large
                                         Laurence DUCHIEN}\\
The control sequence at the end of the top line
of your error message was never \def'ed. If you have
misspelled it (e.g., `\hobx'), type `I' and the correct
spelling (e.g., `I\hbox'). Otherwise just continue,
and I'll forget about whatever was undefined.

Missing character: There is no L in font nullfont!
Missing character: There is no a in font nullfont!
Missing character: There is no u in font nullfont!
Missing character: There is no r in font nullfont!
Missing character: There is no e in font nullfont!
Missing character: There is no n in font nullfont!
Missing character: There is no c in font nullfont!
Missing character: There is no e in font nullfont!
Missing character: There is no D in font nullfont!
Missing character: There is no U in font nullfont!
Missing character: There is no C in font nullfont!
Missing character: There is no H in font nullfont!
Missing character: There is no I in font nullfont!
Missing character: There is no E in font nullfont!
Missing character: There is no N in font nullfont!
! Undefined control sequence.
l.28 	{\large
              Salla DIAGNE} \hfill {\large}
The control sequence at the end of the top line
of your error message was never \def'ed. If you have
misspelled it (e.g., `\hobx'), type `I' and the correct
spelling (e.g., `I\hbox'). Otherwise just continue,
and I'll forget about whatever was undefined.

Missing character: There is no S in font nullfont!
Missing character: There is no a in font nullfont!
Missing character: There is no l in font nullfont!
Missing character: There is no l in font nullfont!
Missing character: There is no a in font nullfont!
Missing character: There is no D in font nullfont!
Missing character: There is no I in font nullfont!
Missing character: There is no A in font nullfont!
Missing character: There is no G in font nullfont!
Missing character: There is no N in font nullfont!
Missing character: There is no E in font nullfont!
! Undefined control sequence.
l.28 	{\large Salla DIAGNE} \hfill {\large
                                          }
The control sequence at the end of the top line
of your error message was never \def'ed. If you have
misspelled it (e.g., `\hobx'), type `I' and the correct
spelling (e.g., `I\hbox'). Otherwise just continue,
and I'll forget about whatever was undefined.

! Undefined control sequence.
l.32 	{\large
             \textsc{17 F√©vrier 2014}}
The control sequence at the end of the top line
of your error message was never \def'ed. If you have
misspelled it (e.g., `\hobx'), type `I' and the correct
spelling (e.g., `I\hbox'). Otherwise just continue,
and I'll forget about whatever was undefined.

Missing character: There is no √ in font cmcsc10!
Missing character: There is no © in font cmcsc10!

Overfull \hbox (11.05545pt too wide) in paragraph at lines 32--33
 []\OT1/cmr/m/sc/10 17 
 []


Overfull \hbox (33.9026pt too wide) in paragraph at lines 32--33
 \OT1/cmr/m/sc/10 Fvrier 
 []


Overfull \hbox (22.1109pt too wide) in paragraph at lines 32--33
 \OT1/cmr/m/sc/10 2014 
 []

)
! Emergency stop.
<*> cover.tex
             
*** (job aborted, no legal \end found)

 
Here is how much of TeX's memory you used:
 18 strings out of 493304
 252 string characters out of 6139871
 52880 words of memory out of 5000000
 3573 multiletter control sequences out of 15000+600000
 4595 words of font info for 17 fonts, out of 8000000 for 9000
 957 hyphenation exceptions out of 8191
 18i,5n,12p,134b,137s stack positions out of 5000i,500n,10000p,200000b,80000s
!  ==> Fatal error occurred, no output PDF file produced!
